2024-03-15 08:00:01 INFO  [web] Server started on port 443
2024-03-15 08:00:03 INFO  [db] Database connection pool initialized (max: 20)
2024-03-15 08:00:05 INFO  [cache] Redis cache connected successfully
2024-03-15 08:01:12 INFO  [web] GET /api/users 200 45ms
2024-03-15 08:01:15 INFO  [web] GET /api/dashboard 200 112ms
2024-03-15 08:02:44 INFO  [web] POST /api/login 200 88ms
2024-03-15 08:03:01 INFO  [web] GET /api/reports 200 234ms
2024-03-15 08:04:18 WARN  [db] Query execution slow: SELECT * FROM events WHERE user_id=4421 (1823ms)
2024-03-15 08:04:33 INFO  [web] GET /api/users 200 52ms
2024-03-15 08:05:02 ERROR [web] GET /api/admin/config 403 Forbidden - IP: 192.168.4.77
2024-03-15 08:05:03 ERROR [web] GET /api/admin/config 403 Forbidden - IP: 192.168.4.77
2024-03-15 08:05:04 ERROR [web] GET /api/admin/config 403 Forbidden - IP: 192.168.4.77
2024-03-15 08:05:05 WARN  [security] Repeated 403 from 192.168.4.77 — possible scan or brute force attempt
2024-03-15 08:06:17 INFO  [web] GET /api/dashboard 200 98ms
2024-03-15 08:07:45 INFO  [web] POST /api/upload 200 441ms
2024-03-15 08:08:10 INFO  [web] GET /api/users 200 61ms
2024-03-15 08:09:33 ERROR [web] GET /api/inventory/export 404 Not Found
2024-03-15 08:10:02 INFO  [web] GET /api/reports 200 189ms
2024-03-15 08:11:14 WARN  [db] Connection pool usage high: 17/20 connections active
2024-03-15 08:11:45 INFO  [web] GET /api/dashboard 200 104ms
2024-03-15 08:12:01 ERROR [db] Connection pool exhausted — queue wait: 3200ms
2024-03-15 08:12:01 ERROR [web] POST /api/data/sync 500 Internal Server Error — db pool timeout
2024-03-15 08:12:02 ERROR [web] GET /api/reports 500 Internal Server Error — db pool timeout
2024-03-15 08:12:02 ERROR [web] GET /api/users 500 Internal Server Error — db pool timeout
2024-03-15 08:12:03 ERROR [web] GET /api/dashboard 500 Internal Server Error — db pool timeout
2024-03-15 08:12:03 CRITICAL [app] Cascading failure detected — 4 simultaneous 500s in 2 seconds
2024-03-15 08:12:04 WARN  [app] Auto-recovery initiated — dropping idle connections
2024-03-15 08:12:06 INFO  [db] Connection pool reset: 3/20 active
2024-03-15 08:12:10 INFO  [web] GET /api/dashboard 200 211ms — service recovering
2024-03-15 08:12:45 INFO  [web] GET /api/users 200 78ms
2024-03-15 08:13:02 INFO  [web] POST /api/login 200 91ms
2024-03-15 08:14:17 WARN  [memory] Heap usage at 81% — threshold is 80%
2024-03-15 08:14:18 WARN  [memory] Heap usage at 84%
2024-03-15 08:15:00 INFO  [web] GET /api/reports 200 201ms
2024-03-15 08:15:30 ERROR [web] GET /api/files/archive.zip 404 Not Found
2024-03-15 08:16:01 INFO  [web] GET /api/dashboard 200 115ms
2024-03-15 08:16:44 WARN  [memory] Heap usage at 88% — garbage collection triggered
2024-03-15 08:16:46 INFO  [memory] GC complete — heap usage at 62%
2024-03-15 08:17:12 INFO  [web] GET /api/users 200 55ms
2024-03-15 08:18:33 INFO  [web] POST /api/upload 200 388ms
2024-03-15 08:19:01 INFO  [web] GET /api/dashboard 200 99ms
2024-03-15 08:20:14 ERROR [web] POST /api/auth/token 401 Unauthorized — invalid credentials
2024-03-15 08:21:00 INFO  [web] GET /api/reports 200 177ms
2024-03-15 08:22:18 INFO  [web] GET /api/users 200 67ms
2024-03-15 08:23:45 WARN  [db] Replication lag detected: replica is 4.2s behind primary
2024-03-15 08:24:10 INFO  [web] GET /api/dashboard 200 108ms
2024-03-15 08:25:33 INFO  [web] GET /api/users 200 59ms
2024-03-15 08:26:01 ERROR [web] GET /api/reports/quarterly 500 Internal Server Error — unhandled exception in ReportBuilder.generate()
2024-03-15 08:26:02 ERROR [app] Stack trace: TypeError: Cannot read property 'data' of undefined at ReportBuilder.generate (reports.js:142)
2024-03-15 08:26:44 INFO  [web] GET /api/dashboard 200 102ms
2024-03-15 08:27:15 INFO  [web] GET /api/users 200 71ms
2024-03-15 08:28:00 INFO  [web] POST /api/login 200 84ms
2024-03-15 08:28:44 WARN  [db] Slow query detected: INSERT INTO audit_log (874ms)
2024-03-15 08:29:01 INFO  [web] GET /api/reports 200 195ms
2024-03-15 08:29:33 INFO  [web] GET /api/dashboard 200 107ms
2024-03-15 08:30:00 INFO  [web] Server health check OK — uptime: 30m, requests: 847
